<?xml version="1.0" encoding="UTF-8"?>
<robot generator="Robot 6.1.1 (Python 3.10.12 on linux)" generated="20231212 17:26:38.987" rpa="false" schemaversion="4">
<suite id="s1" name="TC OM EnableGuestSSID" source="/home/ubuntu/PycharmProjects/MeshAP/TC_OM_EnableGuestSSID.robot">
<test id="s1-t1" name="Enable Guest SSID" line="32">
<kw name="Set Selenium Speed" library="SL">
<arg>0.5</arg>
<doc>Sets the delay that is waited after each Selenium command.</doc>
<status status="PASS" starttime="20231212 17:26:39.176" endtime="20231212 17:26:39.177"/>
</kw>
<kw name="Login to ONE Mesh" library="OMesh">
<arg>${User_N}</arg>
<arg>${PW}</arg>
<kw name="Open Browser" library="SL">
<arg>http://mesh-staging.vnpt-technology.vn:9000/login?error=2</arg>
<arg>chrome</arg>
<doc>Opens a new browser instance to the optional ``url``.</doc>
<msg timestamp="20231212 17:26:39.177" level="INFO">Opening browser 'chrome' to base url 'http://mesh-staging.vnpt-technology.vn:9000/login?error=2'.</msg>
<status status="PASS" starttime="20231212 17:26:39.177" endtime="20231212 17:26:42.467"/>
</kw>
<kw name="Reload Page" library="SL">
<doc>Simulates user reloading page.</doc>
<status status="PASS" starttime="20231212 17:26:42.467" endtime="20231212 17:26:43.068"/>
</kw>
<kw name="Input User Name OM" library="OMesh">
<arg>${User_N}</arg>
<kw name="Wait Until Element Is Visible" library="SL">
<arg>//div[@class='form-group-login']//input[@type='text']</arg>
<doc>Waits until the element ``locator`` is visible.</doc>
<status status="PASS" starttime="20231212 17:26:43.069" endtime="20231212 17:26:44.119"/>
</kw>
<kw name="Input Text" library="SL">
<arg>//div[@class='form-group-login']//input[@type='text']</arg>
<arg>${User_N}</arg>
<doc>Types the given ``text`` into the text field identified by ``locator``.</doc>
<msg timestamp="20231212 17:26:44.121" level="INFO">Typing text 'one' into text field '//div[@class='form-group-login']//input[@type='text']'.</msg>
<status status="PASS" starttime="20231212 17:26:44.119" endtime="20231212 17:26:45.778"/>
</kw>
<status status="PASS" starttime="20231212 17:26:43.068" endtime="20231212 17:26:45.778"/>
</kw>
<kw name="Input Password OM" library="OMesh">
<arg>${PW}</arg>
<kw name="Wait Until Element Is Visible" library="SL">
<arg>//input[@type='password']</arg>
<doc>Waits until the element ``locator`` is visible.</doc>
<status status="PASS" starttime="20231212 17:26:45.780" endtime="20231212 17:26:46.824"/>
</kw>
<kw name="Input Text" library="SL">
<arg>//input[@type='password']</arg>
<arg>${PW}</arg>
<doc>Types the given ``text`` into the text field identified by ``locator``.</doc>
<msg timestamp="20231212 17:26:46.826" level="INFO">Typing text 'one@2019' into text field '//input[@type='password']'.</msg>
<status status="PASS" starttime="20231212 17:26:46.825" endtime="20231212 17:26:48.437"/>
</kw>
<status status="PASS" starttime="20231212 17:26:45.778" endtime="20231212 17:26:48.437"/>
</kw>
<kw name="Sleep" library="BuiltIn">
<arg>4</arg>
<doc>Pauses the test executed for the given time.</doc>
<msg timestamp="20231212 17:26:52.439" level="INFO">Slept 4 seconds</msg>
<status status="PASS" starttime="20231212 17:26:48.438" endtime="20231212 17:26:52.439"/>
</kw>
<kw name="Wait Until Element Is Visible" library="SL">
<arg>//button[@id='login-submit']</arg>
<doc>Waits until the element ``locator`` is visible.</doc>
<status status="PASS" starttime="20231212 17:26:52.440" endtime="20231212 17:26:53.482"/>
</kw>
<kw name="Click Element" library="SL">
<arg>//button[@id='login-submit']</arg>
<doc>Click the element identified by ``locator``.</doc>
<msg timestamp="20231212 17:26:53.485" level="INFO">Clicking element '//button[@id='login-submit']'.</msg>
<status status="PASS" starttime="20231212 17:26:53.483" endtime="20231212 17:27:38.940"/>
</kw>
<kw name="Sleep" library="BuiltIn">
<arg>4</arg>
<doc>Pauses the test executed for the given time.</doc>
<msg timestamp="20231212 17:27:42.940" level="INFO">Slept 4 seconds</msg>
<status status="PASS" starttime="20231212 17:27:38.940" endtime="20231212 17:27:42.940"/>
</kw>
<kw name="Page Should Contain" library="SL">
<arg>Welcome to the ONE MESH system</arg>
<doc>Verifies that current page contains ``text``.</doc>
<msg timestamp="20231212 17:27:46.579" level="INFO">Current page contains text 'Welcome to the ONE MESH system'.</msg>
<status status="PASS" starttime="20231212 17:27:42.941" endtime="20231212 17:27:46.579"/>
</kw>
<status status="PASS" starttime="20231212 17:26:39.177" endtime="20231212 17:27:46.579"/>
</kw>
<kw name="Access Device detail OM" library="OMesh">
<arg>${Serial}</arg>
<kw name="Click Element" library="SL">
<arg>//span[contains(text(),'Configuration')]</arg>
<doc>Click the element identified by ``locator``.</doc>
<msg timestamp="20231212 17:27:46.583" level="INFO">Clicking element '//span[contains(text(),'Configuration')]'.</msg>
<status status="PASS" starttime="20231212 17:27:46.582" endtime="20231212 17:27:48.808"/>
</kw>
<kw name="Wait Until Element Is Visible" library="SL">
<arg>//input[@name= 'serialNumber']</arg>
<doc>Waits until the element ``locator`` is visible.</doc>
<status status="PASS" starttime="20231212 17:27:48.808" endtime="20231212 17:27:49.855"/>
</kw>
<kw name="Input Text" library="SL">
<arg>//input[@name= 'serialNumber']</arg>
<arg>${Serial}</arg>
<doc>Types the given ``text`` into the text field identified by ``locator``.</doc>
<msg timestamp="20231212 17:27:49.856" level="INFO">Typing text '52dc' into text field '//input[@name= 'serialNumber']'.</msg>
<status status="PASS" starttime="20231212 17:27:49.855" endtime="20231212 17:27:51.530"/>
</kw>
<kw name="Click Element" library="SL">
<arg>//button[contains(@type,'submit')]//i[contains(@class,'icon-search4')]</arg>
<doc>Click the element identified by ``locator``.</doc>
<msg timestamp="20231212 17:27:51.532" level="INFO">Clicking element '//button[contains(@type,'submit')]//i[contains(@class,'icon-search4')]'.</msg>
<status status="PASS" starttime="20231212 17:27:51.531" endtime="20231212 17:27:52.712"/>
</kw>
<kw name="Sleep" library="BuiltIn">
<arg>5</arg>
<doc>Pauses the test executed for the given time.</doc>
<msg timestamp="20231212 17:27:57.714" level="INFO">Slept 5 seconds</msg>
<status status="PASS" starttime="20231212 17:27:52.713" endtime="20231212 17:27:57.714"/>
</kw>
<kw name="Click Element" library="SL">
<arg>//span[contains(text(),'Online')]</arg>
<doc>Click the element identified by ``locator``.</doc>
<msg timestamp="20231212 17:27:57.716" level="INFO">Clicking element '//span[contains(text(),'Online')]'.</msg>
<status status="PASS" starttime="20231212 17:27:57.715" endtime="20231212 17:28:00.308"/>
</kw>
<kw name="Sleep" library="BuiltIn">
<arg>3</arg>
<doc>Pauses the test executed for the given time.</doc>
<msg timestamp="20231212 17:28:03.309" level="INFO">Slept 3 seconds</msg>
<status status="PASS" starttime="20231212 17:28:00.309" endtime="20231212 17:28:03.310"/>
</kw>
<kw name="Page Should Contain" library="SL">
<arg>Device Information</arg>
<doc>Verifies that current page contains ``text``.</doc>
<msg timestamp="20231212 17:28:04.344" level="INFO">Current page contains text 'Device Information'.</msg>
<status status="PASS" starttime="20231212 17:28:03.310" endtime="20231212 17:28:04.344"/>
</kw>
<kw name="Page Should Contain" library="SL">
<arg>${Serial}</arg>
<doc>Verifies that current page contains ``text``.</doc>
<msg timestamp="20231212 17:28:05.378" level="INFO">Current page contains text '52dc'.</msg>
<status status="PASS" starttime="20231212 17:28:04.344" endtime="20231212 17:28:05.379"/>
</kw>
<status status="PASS" starttime="20231212 17:27:46.582" endtime="20231212 17:28:05.379"/>
</kw>
<kw name="Go to Config Wifi OM" library="OMesh">
<kw name="Wait Until Element Is Visible" library="SL">
<arg>//a[@href='#device-wifi-tab']</arg>
<doc>Waits until the element ``locator`` is visible.</doc>
<status status="PASS" starttime="20231212 17:28:05.380" endtime="20231212 17:28:06.424"/>
</kw>
<kw name="Click Element" library="SL">
<arg>//a[@href='#device-wifi-tab']</arg>
<doc>Click the element identified by ``locator``.</doc>
<msg timestamp="20231212 17:28:06.427" level="INFO">Clicking element '//a[@href='#device-wifi-tab']'.</msg>
<status status="PASS" starttime="20231212 17:28:06.425" endtime="20231212 17:28:07.533"/>
</kw>
<kw name="Sleep" library="BuiltIn">
<arg>5</arg>
<doc>Pauses the test executed for the given time.</doc>
<msg timestamp="20231212 17:28:12.535" level="INFO">Slept 5 seconds</msg>
<status status="PASS" starttime="20231212 17:28:07.534" endtime="20231212 17:28:12.535"/>
</kw>
<kw name="Page Should Contain" library="SL">
<arg>Wifi Configuration</arg>
<doc>Verifies that current page contains ``text``.</doc>
<msg timestamp="20231212 17:28:13.571" level="INFO">Current page contains text 'Wifi Configuration'.</msg>
<status status="PASS" starttime="20231212 17:28:12.536" endtime="20231212 17:28:13.571"/>
</kw>
<status status="PASS" starttime="20231212 17:28:05.379" endtime="20231212 17:28:13.572"/>
</kw>
<kw name="Enable Guest SSID 24G OM" library="OMesh">
<arg>${Guest2_SSID}</arg>
<arg>${Authen2_Mode}</arg>
<arg>${Guest2_PW}</arg>
<kw name="Log To Console" library="BuiltIn">
<arg>\nAdd Guest SSID 24G</arg>
<doc>Logs the given message to the console.</doc>
<status status="PASS" starttime="20231212 17:28:13.574" endtime="20231212 17:28:13.574"/>
</kw>
<kw name="Click Element" library="SL">
<arg>//button[contains(@class,'btn-primary')]//span[contains(@class,'glyphicon glyphicon-plus-sign')]</arg>
<doc>Click the element identified by ``locator``.</doc>
<msg timestamp="20231212 17:28:13.576" level="INFO">Clicking element '//button[contains(@class,'btn-primary')]//span[contains(@class,'glyphicon glyphicon-plus-sign')]'.</msg>
<status status="PASS" starttime="20231212 17:28:13.575" endtime="20231212 17:28:14.659"/>
</kw>
<kw name="Log To Console" library="BuiltIn">
<arg>\n Input SSID 2.4G: {New_ssid}</arg>
<doc>Logs the given message to the console.</doc>
<status status="PASS" starttime="20231212 17:28:14.660" endtime="20231212 17:28:14.660"/>
</kw>
<kw name="Input Text" library="SL">
<arg>//*[@id="device-wifi-tab"]/div/form/div[7]/div/div[2]/table/tbody/tr[1]/td[2]/input</arg>
<arg>${New_ssid}</arg>
<doc>Types the given ``text`` into the text field identified by ``locator``.</doc>
<msg timestamp="20231212 17:28:14.662" level="INFO">Typing text 'R1_Guest24' into text field '//*[@id="device-wifi-tab"]/div/form/div[7]/div/div[2]/table/tbody/tr[1]/td[2]/input'.</msg>
<status status="PASS" starttime="20231212 17:28:14.661" endtime="20231212 17:28:16.347"/>
</kw>
<kw name="Log To Console" library="BuiltIn">
<arg>\n Select security mode: ${new_authen}</arg>
<doc>Logs the given message to the console.</doc>
<status status="PASS" starttime="20231212 17:28:16.348" endtime="20231212 17:28:16.349"/>
</kw>
<kw name="Select From List By Label" library="SL">
<arg>//*[@id="device-wifi-tab"]/div/form/div[7]/div/div[2]/table/tbody/tr[2]/td[2]/select</arg>
<arg>${new_authen}</arg>
<doc>Selects options from selection list ``locator`` by ``labels``.</doc>
<msg timestamp="20231212 17:28:16.350" level="INFO">Selecting options from selection list '//*[@id="device-wifi-tab"]/div/form/div[7]/div/div[2]/table/tbody/tr[2]/td[2]/select' by label WPA2-PSK.</msg>
<status status="PASS" starttime="20231212 17:28:16.349" endtime="20231212 17:28:19.454"/>
</kw>
<kw name="Log To Console" library="BuiltIn">
<arg>\nInput PW: ${New_PW}</arg>
<doc>Logs the given message to the console.</doc>
<status status="PASS" starttime="20231212 17:28:19.455" endtime="20231212 17:28:19.455"/>
</kw>
<kw name="Input Text" library="SL">
<arg>//*[@id="device-wifi-tab"]/div/form/div[7]/div/div[2]/table/tbody/tr[3]/td[2]/input</arg>
<arg>${New_PW}</arg>
<doc>Types the given ``text`` into the text field identified by ``locator``.</doc>
<msg timestamp="20231212 17:28:19.456" level="INFO">Typing text '12345678' into text field '//*[@id="device-wifi-tab"]/div/form/div[7]/div/div[2]/table/tbody/tr[3]/td[2]/input'.</msg>
<status status="PASS" starttime="20231212 17:28:19.455" endtime="20231212 17:28:21.078"/>
</kw>
<status status="PASS" starttime="20231212 17:28:13.572" endtime="20231212 17:28:21.079"/>
</kw>
<kw name="Enable Guest SSID 5G OM" library="OMesh">
<arg>${Guest5_SSID}</arg>
<arg>${Authen5_Mode}</arg>
<arg>${Guest5_PW}</arg>
<kw name="Log To Console" library="BuiltIn">
<arg>\nAdd Guest SSID 5G</arg>
<doc>Logs the given message to the console.</doc>
<status status="PASS" starttime="20231212 17:28:21.081" endtime="20231212 17:28:21.081"/>
</kw>
<kw name="Click Element" library="SL">
<arg>//button[contains(@class,'btn-success')]//span[contains(@class,'glyphicon glyphicon-plus-sign')]</arg>
<doc>Click the element identified by ``locator``.</doc>
<msg timestamp="20231212 17:28:21.082" level="INFO">Clicking element '//button[contains(@class,'btn-success')]//span[contains(@class,'glyphicon glyphicon-plus-sign')]'.</msg>
<status status="PASS" starttime="20231212 17:28:21.081" endtime="20231212 17:28:22.198"/>
</kw>
<kw name="Log To Console" library="BuiltIn">
<arg>\n Input SSID 5G: ${New_ssid}</arg>
<doc>Logs the given message to the console.</doc>
<status status="PASS" starttime="20231212 17:28:22.199" endtime="20231212 17:28:22.200"/>
</kw>
<kw name="Input Text" library="SL">
<arg>//*[@id="device-wifi-tab"]/div/form/div[8]/div/div[2]/table/tbody/tr[1]/td[2]/input</arg>
<arg>${New_ssid}</arg>
<doc>Types the given ``text`` into the text field identified by ``locator``.</doc>
<msg timestamp="20231212 17:28:22.201" level="INFO">Typing text 'R1_Guest5' into text field '//*[@id="device-wifi-tab"]/div/form/div[8]/div/div[2]/table/tbody/tr[1]/td[2]/input'.</msg>
<status status="PASS" starttime="20231212 17:28:22.200" endtime="20231212 17:28:23.844"/>
</kw>
<kw name="Log To Console" library="BuiltIn">
<arg>\n Select security mode: ${new_authen}</arg>
<doc>Logs the given message to the console.</doc>
<status status="PASS" starttime="20231212 17:28:23.845" endtime="20231212 17:28:23.845"/>
</kw>
<kw name="Select From List By Label" library="SL">
<arg>//*[@id="device-wifi-tab"]/div/form/div[8]/div/div[2]/table/tbody/tr[2]/td[2]/select</arg>
<arg>${new_authen}</arg>
<doc>Selects options from selection list ``locator`` by ``labels``.</doc>
<msg timestamp="20231212 17:28:23.846" level="INFO">Selecting options from selection list '//*[@id="device-wifi-tab"]/div/form/div[8]/div/div[2]/table/tbody/tr[2]/td[2]/select' by label WPA2-PSK.</msg>
<status status="PASS" starttime="20231212 17:28:23.845" endtime="20231212 17:28:26.939"/>
</kw>
<kw name="Log To Console" library="BuiltIn">
<arg>\nInput PW: ${New_PW}</arg>
<doc>Logs the given message to the console.</doc>
<status status="PASS" starttime="20231212 17:28:26.939" endtime="20231212 17:28:26.940"/>
</kw>
<kw name="Input Text" library="SL">
<arg>//*[@id="device-wifi-tab"]/div/form/div[8]/div/div[2]/table/tbody/tr[3]/td[2]/input</arg>
<arg>${New_PW}</arg>
<doc>Types the given ``text`` into the text field identified by ``locator``.</doc>
<msg timestamp="20231212 17:28:26.941" level="INFO">Typing text '12345678' into text field '//*[@id="device-wifi-tab"]/div/form/div[8]/div/div[2]/table/tbody/tr[3]/td[2]/input'.</msg>
<status status="PASS" starttime="20231212 17:28:26.940" endtime="20231212 17:28:28.583"/>
</kw>
<status status="PASS" starttime="20231212 17:28:21.079" endtime="20231212 17:28:28.583"/>
</kw>
<kw name="Click button Save Wifi" library="OMesh">
<kw name="Click Button" library="SL">
<arg>//button[@class="btn btn-icon btn-primary btnSaveWifi"]</arg>
<doc>Clicks the button identified by ``locator``.</doc>
<msg timestamp="20231212 17:28:28.586" level="INFO">Clicking button '//button[@class="btn btn-icon btn-primary btnSaveWifi"]'.</msg>
<status status="PASS" starttime="20231212 17:28:28.585" endtime="20231212 17:28:31.232"/>
</kw>
<status status="PASS" starttime="20231212 17:28:28.584" endtime="20231212 17:28:31.232"/>
</kw>
<kw name="Sleep" library="BuiltIn">
<arg>60</arg>
<doc>Pauses the test executed for the given time.</doc>
<msg timestamp="20231212 17:29:31.234" level="INFO">Slept 1 minute</msg>
<status status="PASS" starttime="20231212 17:28:31.233" endtime="20231212 17:29:31.235"/>
</kw>
<kw name="Verify Enable Guest SSID 24G OM" library="OMesh">
<arg>${Guest2_SSID}</arg>
<arg>${Authen2_Mode}</arg>
<arg>${Guest2_PW}</arg>
<kw name="Log To Console" library="BuiltIn">
<arg>\nVerify Edit Guest SSID 2.4g OM</arg>
<doc>Logs the given message to the console.</doc>
<status status="PASS" starttime="20231212 17:29:31.236" endtime="20231212 17:29:31.237"/>
</kw>
<kw name="Get Value" library="SL">
<var>${value_ssid}</var>
<arg>//*[@id="device-wifi-tab"]/div/form/div[7]/div/div[2]/table/tbody/tr[1]/td[2]/input</arg>
<doc>Returns the value attribute of the element identified by ``locator``.</doc>
<msg timestamp="20231212 17:29:32.276" level="INFO">${value_ssid} = R1_Guest24</msg>
<status status="PASS" starttime="20231212 17:29:31.237" endtime="20231212 17:29:32.276"/>
</kw>
<kw name="Get Selected List Label" library="SL">
<var>${value_mode}</var>
<arg>//*[@id="device-wifi-tab"]/div/form/div[7]/div/div[2]/table/tbody/tr[2]/td[2]/select</arg>
<doc>Returns the label of selected option from selection list ``locator``.</doc>
<msg timestamp="20231212 17:29:36.926" level="INFO">${value_mode} = WPA2-PSK</msg>
<status status="PASS" starttime="20231212 17:29:32.276" endtime="20231212 17:29:36.926"/>
</kw>
<kw name="Get Value" library="SL">
<var>${value_PW}</var>
<arg>//input[@ng-model="mainSSID.password"]</arg>
<doc>Returns the value attribute of the element identified by ``locator``.</doc>
<msg timestamp="20231212 17:29:37.972" level="INFO">${value_PW} = 12345678_c</msg>
<status status="PASS" starttime="20231212 17:29:36.926" endtime="20231212 17:29:37.972"/>
</kw>
<kw name="Should Match" library="BuiltIn">
<arg>${value_ssid}</arg>
<arg>${New_ssid}</arg>
<doc>Fails if the given ``string`` does not match the given ``pattern``.</doc>
<status status="PASS" starttime="20231212 17:29:37.973" endtime="20231212 17:29:37.974"/>
</kw>
<kw name="Should Match" library="BuiltIn">
<arg>${new_authen}</arg>
<arg>${value_mode}</arg>
<doc>Fails if the given ``string`` does not match the given ``pattern``.</doc>
<status status="PASS" starttime="20231212 17:29:37.974" endtime="20231212 17:29:37.974"/>
</kw>
<kw name="Should Match" library="BuiltIn">
<arg>${New_PW}</arg>
<arg>${value_PW}</arg>
<doc>Fails if the given ``string`` does not match the given ``pattern``.</doc>
<msg timestamp="20231212 17:29:37.976" level="FAIL">'12345678' does not match '12345678_c'</msg>
<status status="FAIL" starttime="20231212 17:29:37.974" endtime="20231212 17:29:37.976"/>
</kw>
<kw name="Log To Console" library="BuiltIn">
<arg>\nConfig Guest 2.4g SSID successfully</arg>
<doc>Logs the given message to the console.</doc>
<status status="NOT RUN" starttime="20231212 17:29:37.976" endtime="20231212 17:29:37.976"/>
</kw>
<status status="FAIL" starttime="20231212 17:29:31.235" endtime="20231212 17:29:37.976"/>
</kw>
<kw name="Verify Edit Guest SSID 5G OM" library="OMesh">
<arg>${Guest5_SSID}</arg>
<arg>${Authen5_Mode}</arg>
<arg>${Guest5_PW}</arg>
<status status="NOT RUN" starttime="20231212 17:29:37.977" endtime="20231212 17:29:37.977"/>
</kw>
<status status="FAIL" starttime="20231212 17:26:39.176" endtime="20231212 17:29:37.977">'12345678' does not match '12345678_c'</status>
</test>
<status status="FAIL" starttime="20231212 17:26:38.987" endtime="20231212 17:29:37.979"/>
</suite>
<statistics>
<total>
<stat pass="0" fail="1" skip="0">All Tests</stat>
</total>
<tag>
</tag>
<suite>
<stat pass="0" fail="1" skip="0" id="s1" name="TC OM EnableGuestSSID">TC OM EnableGuestSSID</stat>
</suite>
</statistics>
<errors>
<msg timestamp="20231212 17:26:39.113" level="ERROR">Error in file '/home/ubuntu/PycharmProjects/MeshAP/lib/Selenium_lib/Lib_Selenium_WireLess.robot' on line 4: Resource file 'venv/lib/Selenium_lib/Lib_Selenium_Login.robot' does not exist.</msg>
</errors>
</robot>
