<?xml version="1.0" encoding="UTF-8"?>
<robot generator="Robot 6.1.1 (Python 3.10.12 on linux)" generated="20231222 11:22:28.231" rpa="false" schemaversion="4">
<suite id="s1" name="TC ResetWebGUI" source="/home/ubuntu/PycharmProjects/MeshAP/TC_ResetWebGUI.robot">
<test id="s1-t1" name="0.Get MRE's IP address" line="18">
<kw name="Open Browser" library="SL">
<arg>https://192.168.88.1</arg>
<arg>chrome</arg>
<doc>Opens a new browser instance to the optional ``url``.</doc>
<msg timestamp="20231222 11:22:28.399" level="INFO">Opening browser 'chrome' to base url 'https://192.168.88.1'.</msg>
<status status="PASS" starttime="20231222 11:22:28.399" endtime="20231222 11:22:33.563"/>
</kw>
<kw name="Chrome Pass Certificate google if present" library="Lib_Selenium_Login">
<kw name="Run Keyword And Return Status" library="BuiltIn">
<var>${Status1}</var>
<arg>SL.Wait Until Element Is Visible</arg>
<arg>//button[@id="details-button"]</arg>
<arg>5</arg>
<doc>Runs the given keyword with given arguments and returns the status as a Boolean value.</doc>
<kw name="Wait Until Element Is Visible" library="SL">
<arg>//button[@id="details-button"]</arg>
<arg>5</arg>
<doc>Waits until the element ``locator`` is visible.</doc>
<status status="PASS" starttime="20231222 11:22:33.564" endtime="20231222 11:22:33.598"/>
</kw>
<msg timestamp="20231222 11:22:33.598" level="INFO">${Status1} = True</msg>
<status status="PASS" starttime="20231222 11:22:33.564" endtime="20231222 11:22:33.598"/>
</kw>
<kw name="Run Keyword If" library="BuiltIn">
<arg>${Status1}</arg>
<arg>SL.Click Element</arg>
<arg>//button[@id="details-button"]</arg>
<doc>Runs the given keyword with the given arguments, if ``condition`` is true.</doc>
<kw name="Click Element" library="SL">
<arg>//button[@id="details-button"]</arg>
<doc>Click the element identified by ``locator``.</doc>
<msg timestamp="20231222 11:22:33.598" level="INFO">Clicking element '//button[@id="details-button"]'.</msg>
<status status="PASS" starttime="20231222 11:22:33.598" endtime="20231222 11:22:33.638"/>
</kw>
<status status="PASS" starttime="20231222 11:22:33.598" endtime="20231222 11:22:33.638"/>
</kw>
<kw name="Sleep" library="BuiltIn">
<arg>2s</arg>
<doc>Pauses the test executed for the given time.</doc>
<msg timestamp="20231222 11:22:35.639" level="INFO">Slept 2 seconds</msg>
<status status="PASS" starttime="20231222 11:22:33.638" endtime="20231222 11:22:35.639"/>
</kw>
<kw name="Run Keyword And Return Status" library="BuiltIn">
<var>${Status2}</var>
<arg>SL.Wait Until Element Is Visible</arg>
<arg>//a[@id="proceed-link"]</arg>
<arg>5</arg>
<doc>Runs the given keyword with given arguments and returns the status as a Boolean value.</doc>
<kw name="Wait Until Element Is Visible" library="SL">
<arg>//a[@id="proceed-link"]</arg>
<arg>5</arg>
<doc>Waits until the element ``locator`` is visible.</doc>
<status status="PASS" starttime="20231222 11:22:35.641" endtime="20231222 11:22:35.684"/>
</kw>
<msg timestamp="20231222 11:22:35.684" level="INFO">${Status2} = True</msg>
<status status="PASS" starttime="20231222 11:22:35.640" endtime="20231222 11:22:35.684"/>
</kw>
<kw name="Run Keyword If" library="BuiltIn">
<arg>${Status2}</arg>
<arg>SL.Click Element</arg>
<arg>//a[@id="proceed-link"]</arg>
<doc>Runs the given keyword with the given arguments, if ``condition`` is true.</doc>
<kw name="Click Element" library="SL">
<arg>//a[@id="proceed-link"]</arg>
<doc>Click the element identified by ``locator``.</doc>
<msg timestamp="20231222 11:22:35.685" level="INFO">Clicking element '//a[@id="proceed-link"]'.</msg>
<status status="PASS" starttime="20231222 11:22:35.685" endtime="20231222 11:22:38.861"/>
</kw>
<status status="PASS" starttime="20231222 11:22:35.684" endtime="20231222 11:22:38.861"/>
</kw>
<status status="PASS" starttime="20231222 11:22:33.563" endtime="20231222 11:22:38.861"/>
</kw>
<kw name="Login To WebGUI on local machine" library="Lib_Selenium_Login">
<arg>root</arg>
<arg>${PassWord}</arg>
<kw name="Input User Name" library="Lib_Selenium_Login">
<arg>username=${username}</arg>
<kw name="Wait Until Element Is Visible" library="SL">
<arg>xpath=//input[@id='LOGIN_USER']</arg>
<doc>Waits until the element ``locator`` is visible.</doc>
<status status="PASS" starttime="20231222 11:22:38.863" endtime="20231222 11:22:39.130"/>
</kw>
<kw name="Input Text" library="SL">
<arg>xpath=//input[@id='LOGIN_USER']</arg>
<arg>${username}</arg>
<doc>Types the given ``text`` into the text field identified by ``locator``.</doc>
<msg timestamp="20231222 11:22:39.130" level="INFO">Typing text 'root' into text field 'xpath=//input[@id='LOGIN_USER']'.</msg>
<status status="PASS" starttime="20231222 11:22:39.130" endtime="20231222 11:22:39.224"/>
</kw>
<status status="PASS" starttime="20231222 11:22:38.862" endtime="20231222 11:22:39.224"/>
</kw>
<kw name="Input password" library="Lib_Selenium_Login">
<arg>password=${password}</arg>
<kw name="Wait Until Element Is Visible" library="SL">
<arg>xpath=//input[@id='LOGIN_PWD']</arg>
<doc>Waits until the element ``locator`` is visible.</doc>
<status status="PASS" starttime="20231222 11:22:39.225" endtime="20231222 11:22:39.247"/>
</kw>
<kw name="Input Password" library="SL">
<arg>xpath=//input[@id='LOGIN_PWD']</arg>
<arg>${password}</arg>
<doc>Types the given password into the text field identified by ``locator``.</doc>
<msg timestamp="20231222 11:22:39.248" level="INFO">Typing password into text field 'xpath=//input[@id='LOGIN_PWD']'.</msg>
<msg timestamp="20231222 11:22:39.272" level="INFO">Temporally setting log level to: NONE</msg>
<msg timestamp="20231222 11:22:39.308" level="INFO">Log level changed from NONE to INFO.</msg>
<status status="PASS" starttime="20231222 11:22:39.247" endtime="20231222 11:22:39.308"/>
</kw>
<status status="PASS" starttime="20231222 11:22:39.225" endtime="20231222 11:22:39.309"/>
</kw>
<kw name="SubMit Credentials" library="Lib_Selenium_Login">
<kw name="Wait Until Element Is Visible" library="SL">
<arg>xpath=//input[@id='BTN_Login']</arg>
<doc>Waits until the element ``locator`` is visible.</doc>
<status status="PASS" starttime="20231222 11:22:39.309" endtime="20231222 11:22:39.325"/>
</kw>
<kw name="Click Button" library="SL">
<arg>xpath=//input[@id='BTN_Login']</arg>
<doc>Clicks the button identified by ``locator``.</doc>
<msg timestamp="20231222 11:22:39.326" level="INFO">Clicking button 'xpath=//input[@id='BTN_Login']'.</msg>
<status status="PASS" starttime="20231222 11:22:39.325" endtime="20231222 11:22:39.366"/>
</kw>
<status status="PASS" starttime="20231222 11:22:39.309" endtime="20231222 11:22:39.366"/>
</kw>
<kw name="Sleep" library="BuiltIn">
<arg>3s</arg>
<doc>Pauses the test executed for the given time.</doc>
<msg timestamp="20231222 11:22:42.367" level="INFO">Slept 3 seconds</msg>
<status status="PASS" starttime="20231222 11:22:39.367" endtime="20231222 11:22:42.367"/>
</kw>
<status status="PASS" starttime="20231222 11:22:38.861" endtime="20231222 11:22:42.368"/>
</kw>
<kw name="Verify login WebGUI Successfully" library="Lib_Selenium_Login">
<kw name="Sleep" library="BuiltIn">
<arg>10</arg>
<doc>Pauses the test executed for the given time.</doc>
<msg timestamp="20231222 11:22:52.369" level="INFO">Slept 10 seconds</msg>
<status status="PASS" starttime="20231222 11:22:42.369" endtime="20231222 11:22:52.370"/>
</kw>
<kw name="Page Should Contain Element" library="SL">
<arg>xpath= //a[@id='titleHome']</arg>
<doc>Verifies that element ``locator`` is found on the current page.</doc>
<msg timestamp="20231222 11:22:52.378" level="WARN">Keyword 'Capture Page Screenshot' could not be run on failure: Message: no such window: target window already closed
from unknown error: web view not found
  (Session info: chrome=120.0.6099.71)
Stacktrace:
#0 0x5645619a0ea3 &lt;unknown&gt;
#1 0x56456166c297 &lt;unknown&gt;
#2 0x5645616402d8 &lt;unknown&gt;
#3 0x5645616eb72f &lt;unknown&gt;
#4 0x564561702366 &lt;unknown&gt;
#5 0x5645616e3fe3 &lt;unknown&gt;
#6 0x5645616ac5a3 &lt;unknown&gt;
#7 0x5645616ad96e &lt;unknown&gt;
#8 0x56456196884d &lt;unknown&gt;
#9 0x56456196c774 &lt;unknown&gt;
#10 0x564561957cc2 &lt;unknown&gt;
#11 0x56456196d235 &lt;unknown&gt;
#12 0x56456193e4de &lt;unknown&gt;
#13 0x56456198f0d8 &lt;unknown&gt;
#14 0x56456198f2e1 &lt;unknown&gt;
#15 0x56456199ffe5 &lt;unknown&gt;
#16 0x7f82d8452ac3 &lt;unknown&gt;
</msg>
<msg timestamp="20231222 11:22:52.379" level="FAIL">NoSuchWindowException: Message: no such window: target window already closed
from unknown error: web view not found
  (Session info: chrome=120.0.6099.71)
Stacktrace:
#0 0x5645619a0ea3 &lt;unknown&gt;
#1 0x56456166c297 &lt;unknown&gt;
#2 0x5645616402d8 &lt;unknown&gt;
#3 0x5645616eb72f &lt;unknown&gt;
#4 0x564561702366 &lt;unknown&gt;
#5 0x5645616e3fe3 &lt;unknown&gt;
#6 0x5645616ac5a3 &lt;unknown&gt;
#7 0x5645616ad96e &lt;unknown&gt;
#8 0x56456196884d &lt;unknown&gt;
#9 0x56456196c774 &lt;unknown&gt;
#10 0x564561957cc2 &lt;unknown&gt;
#11 0x56456196d235 &lt;unknown&gt;
#12 0x56456193e4de &lt;unknown&gt;
#13 0x56456198f0d8 &lt;unknown&gt;
#14 0x56456198f2e1 &lt;unknown&gt;
#15 0x56456199ffe5 &lt;unknown&gt;
#16 0x7f82d8452ac3 &lt;unknown&gt;
</msg>
<status status="FAIL" starttime="20231222 11:22:52.370" endtime="20231222 11:22:52.382"/>
</kw>
<status status="FAIL" starttime="20231222 11:22:42.368" endtime="20231222 11:22:52.382"/>
</kw>
<kw name="Get MRE IP Address">
<var>${MRE_IP}</var>
<arg>${MRE_Name_defautl}</arg>
<status status="NOT RUN" starttime="20231222 11:22:52.387" endtime="20231222 11:22:52.387"/>
</kw>
<kw name="Set Global Variable" library="BuiltIn">
<arg>${MRE_IP}</arg>
<doc>Makes a variable available globally in all tests and suites.</doc>
<status status="NOT RUN" starttime="20231222 11:22:52.387" endtime="20231222 11:22:52.387"/>
</kw>
<status status="FAIL" starttime="20231222 11:22:28.398" endtime="20231222 11:22:52.388">NoSuchWindowException: Message: no such window: target window already closed
from unknown error: web view not found
  (Session info: chrome=120.0.6099.71)
Stacktrace:
#0 0x5645619a0ea3 &lt;unknown&gt;
#1 0x56456166c297 &lt;unknown&gt;
#2 0x5645616402d8 &lt;unknown&gt;
#3 0x5645616eb72f &lt;unknown&gt;
#4 0x564561702366 &lt;unknown&gt;
#5 0x5645616e3fe3 &lt;unknown&gt;
#6 0x5645616ac5a3 &lt;unknown&gt;
#7 0x5645616ad96e &lt;unknown&gt;
#8 0x56456196884d &lt;unknown&gt;
#9 0x56456196c774 &lt;unknown&gt;
#10 0x564561957cc2 &lt;unknown&gt;
#11 0x56456196d235 &lt;unknown&gt;
#12 0x56456193e4de &lt;unknown&gt;
#13 0x56456198f0d8 &lt;unknown&gt;
#14 0x56456198f2e1 &lt;unknown&gt;
#15 0x56456199ffe5 &lt;unknown&gt;
#16 0x7f82d8452ac3 &lt;unknown&gt;
</status>
</test>
<test id="s1-t2" name="1. Reset CAP" line="25">
<kw name="Open Browser" library="SL">
<arg>https://192.168.88.1</arg>
<arg>chrome</arg>
<doc>Opens a new browser instance to the optional ``url``.</doc>
<msg timestamp="20231222 11:22:52.388" level="INFO">Opening browser 'chrome' to base url 'https://192.168.88.1'.</msg>
<status status="PASS" starttime="20231222 11:22:52.388" endtime="20231222 11:22:53.955"/>
</kw>
<kw name="Chrome Pass Certificate google if present" library="Lib_Selenium_Login">
<kw name="Run Keyword And Return Status" library="BuiltIn">
<var>${Status1}</var>
<arg>SL.Wait Until Element Is Visible</arg>
<arg>//button[@id="details-button"]</arg>
<arg>5</arg>
<doc>Runs the given keyword with given arguments and returns the status as a Boolean value.</doc>
<kw name="Wait Until Element Is Visible" library="SL">
<arg>//button[@id="details-button"]</arg>
<arg>5</arg>
<doc>Waits until the element ``locator`` is visible.</doc>
<status status="PASS" starttime="20231222 11:22:53.956" endtime="20231222 11:22:53.984"/>
</kw>
<msg timestamp="20231222 11:22:53.985" level="INFO">${Status1} = True</msg>
<status status="PASS" starttime="20231222 11:22:53.956" endtime="20231222 11:22:53.985"/>
</kw>
<kw name="Run Keyword If" library="BuiltIn">
<arg>${Status1}</arg>
<arg>SL.Click Element</arg>
<arg>//button[@id="details-button"]</arg>
<doc>Runs the given keyword with the given arguments, if ``condition`` is true.</doc>
<kw name="Click Element" library="SL">
<arg>//button[@id="details-button"]</arg>
<doc>Click the element identified by ``locator``.</doc>
<msg timestamp="20231222 11:22:53.985" level="INFO">Clicking element '//button[@id="details-button"]'.</msg>
<status status="PASS" starttime="20231222 11:22:53.985" endtime="20231222 11:22:54.018"/>
</kw>
<status status="PASS" starttime="20231222 11:22:53.985" endtime="20231222 11:22:54.018"/>
</kw>
<kw name="Sleep" library="BuiltIn">
<arg>2s</arg>
<doc>Pauses the test executed for the given time.</doc>
<msg timestamp="20231222 11:22:56.019" level="INFO">Slept 2 seconds</msg>
<status status="PASS" starttime="20231222 11:22:54.018" endtime="20231222 11:22:56.019"/>
</kw>
<kw name="Run Keyword And Return Status" library="BuiltIn">
<var>${Status2}</var>
<arg>SL.Wait Until Element Is Visible</arg>
<arg>//a[@id="proceed-link"]</arg>
<arg>5</arg>
<doc>Runs the given keyword with given arguments and returns the status as a Boolean value.</doc>
<kw name="Wait Until Element Is Visible" library="SL">
<arg>//a[@id="proceed-link"]</arg>
<arg>5</arg>
<doc>Waits until the element ``locator`` is visible.</doc>
<status status="PASS" starttime="20231222 11:22:56.021" endtime="20231222 11:22:56.060"/>
</kw>
<msg timestamp="20231222 11:22:56.060" level="INFO">${Status2} = True</msg>
<status status="PASS" starttime="20231222 11:22:56.020" endtime="20231222 11:22:56.060"/>
</kw>
<kw name="Run Keyword If" library="BuiltIn">
<arg>${Status2}</arg>
<arg>SL.Click Element</arg>
<arg>//a[@id="proceed-link"]</arg>
<doc>Runs the given keyword with the given arguments, if ``condition`` is true.</doc>
<kw name="Click Element" library="SL">
<arg>//a[@id="proceed-link"]</arg>
<doc>Click the element identified by ``locator``.</doc>
<msg timestamp="20231222 11:22:56.061" level="INFO">Clicking element '//a[@id="proceed-link"]'.</msg>
<status status="PASS" starttime="20231222 11:22:56.061" endtime="20231222 11:22:58.140"/>
</kw>
<status status="PASS" starttime="20231222 11:22:56.060" endtime="20231222 11:22:58.140"/>
</kw>
<status status="PASS" starttime="20231222 11:22:53.955" endtime="20231222 11:22:58.141"/>
</kw>
<kw name="Login To WebGUI on local machine" library="Lib_Selenium_Login">
<arg>root</arg>
<arg>${PassWord}</arg>
<kw name="Input User Name" library="Lib_Selenium_Login">
<arg>username=${username}</arg>
<kw name="Wait Until Element Is Visible" library="SL">
<arg>xpath=//input[@id='LOGIN_USER']</arg>
<doc>Waits until the element ``locator`` is visible.</doc>
<status status="PASS" starttime="20231222 11:22:58.142" endtime="20231222 11:22:58.184"/>
</kw>
<kw name="Input Text" library="SL">
<arg>xpath=//input[@id='LOGIN_USER']</arg>
<arg>${username}</arg>
<doc>Types the given ``text`` into the text field identified by ``locator``.</doc>
<msg timestamp="20231222 11:22:58.184" level="INFO">Typing text 'root' into text field 'xpath=//input[@id='LOGIN_USER']'.</msg>
<status status="PASS" starttime="20231222 11:22:58.184" endtime="20231222 11:22:58.259"/>
</kw>
<status status="PASS" starttime="20231222 11:22:58.141" endtime="20231222 11:22:58.259"/>
</kw>
<kw name="Input password" library="Lib_Selenium_Login">
<arg>password=${password}</arg>
<kw name="Wait Until Element Is Visible" library="SL">
<arg>xpath=//input[@id='LOGIN_PWD']</arg>
<doc>Waits until the element ``locator`` is visible.</doc>
<status status="PASS" starttime="20231222 11:22:58.260" endtime="20231222 11:22:58.279"/>
</kw>
<kw name="Input Password" library="SL">
<arg>xpath=//input[@id='LOGIN_PWD']</arg>
<arg>${password}</arg>
<doc>Types the given password into the text field identified by ``locator``.</doc>
<msg timestamp="20231222 11:22:58.280" level="INFO">Typing password into text field 'xpath=//input[@id='LOGIN_PWD']'.</msg>
<msg timestamp="20231222 11:22:58.304" level="INFO">Temporally setting log level to: NONE</msg>
<msg timestamp="20231222 11:22:58.342" level="INFO">Log level changed from NONE to INFO.</msg>
<status status="PASS" starttime="20231222 11:22:58.280" endtime="20231222 11:22:58.342"/>
</kw>
<status status="PASS" starttime="20231222 11:22:58.259" endtime="20231222 11:22:58.342"/>
</kw>
<kw name="SubMit Credentials" library="Lib_Selenium_Login">
<kw name="Wait Until Element Is Visible" library="SL">
<arg>xpath=//input[@id='BTN_Login']</arg>
<doc>Waits until the element ``locator`` is visible.</doc>
<status status="PASS" starttime="20231222 11:22:58.342" endtime="20231222 11:22:58.359"/>
</kw>
<kw name="Click Button" library="SL">
<arg>xpath=//input[@id='BTN_Login']</arg>
<doc>Clicks the button identified by ``locator``.</doc>
<msg timestamp="20231222 11:22:58.359" level="INFO">Clicking button 'xpath=//input[@id='BTN_Login']'.</msg>
<status status="PASS" starttime="20231222 11:22:58.359" endtime="20231222 11:22:58.404"/>
</kw>
<status status="PASS" starttime="20231222 11:22:58.342" endtime="20231222 11:22:58.404"/>
</kw>
<kw name="Sleep" library="BuiltIn">
<arg>3s</arg>
<doc>Pauses the test executed for the given time.</doc>
<msg timestamp="20231222 11:23:01.405" level="INFO">Slept 3 seconds</msg>
<status status="PASS" starttime="20231222 11:22:58.404" endtime="20231222 11:23:01.405"/>
</kw>
<status status="PASS" starttime="20231222 11:22:58.141" endtime="20231222 11:23:01.405"/>
</kw>
<kw name="Verify login WebGUI Successfully" library="Lib_Selenium_Login">
<kw name="Sleep" library="BuiltIn">
<arg>10</arg>
<doc>Pauses the test executed for the given time.</doc>
<status status="FAIL" starttime="20231222 11:23:01.405" endtime="20231222 11:23:06.434"/>
</kw>
<kw name="Page Should Contain Element" library="SL">
<arg>xpath= //a[@id='titleHome']</arg>
<doc>Verifies that element ``locator`` is found on the current page.</doc>
<status status="NOT RUN" starttime="20231222 11:23:06.434" endtime="20231222 11:23:06.434"/>
</kw>
<status status="FAIL" starttime="20231222 11:23:01.405" endtime="20231222 11:23:06.434"/>
</kw>
<kw name="Access Management">
<status status="NOT RUN" starttime="20231222 11:23:06.441" endtime="20231222 11:23:06.441"/>
</kw>
<kw name="Factory Reset">
<status status="NOT RUN" starttime="20231222 11:23:06.445" endtime="20231222 11:23:06.445"/>
</kw>
<status status="FAIL" starttime="20231222 11:22:52.388" endtime="20231222 11:23:06.445">Execution terminated by signal</status>
</test>
<test id="s1-t3" name="2. Verify reset should successfully on WebGUI" line="32">
<tag>robot:exit</tag>
<status status="FAIL" starttime="20231222 11:23:06.445" endtime="20231222 11:23:06.445">Test execution stopped due to a fatal error.</status>
</test>
<status status="FAIL" starttime="20231222 11:22:28.231" endtime="20231222 11:23:06.446"/>
</suite>
<statistics>
<total>
<stat pass="0" fail="3" skip="0">All Tests</stat>
</total>
<tag>
<stat pass="0" fail="2" skip="0" info="combined" combined="NOT robot:exit">NOT robot:exit</stat>
</tag>
<suite>
<stat pass="0" fail="3" skip="0" id="s1" name="TC ResetWebGUI">TC ResetWebGUI</stat>
</suite>
</statistics>
<errors>
<msg timestamp="20231222 11:22:28.396" level="ERROR">Error in file '/home/ubuntu/PycharmProjects/MeshAP/TC_ResetWebGUI.robot' on line 10: Error in file '/home/ubuntu/PycharmProjects/MeshAP/venv/lib/Selenium_lib/Lib_Selenium_SystemPage.robot' on line 73: Resource file with 'Test Case' section is invalid.</msg>
<msg timestamp="20231222 11:22:28.398" level="ERROR">Error in file '/home/ubuntu/PycharmProjects/MeshAP/TC_ResetWebGUI.robot' on line 11: Error in file '/home/ubuntu/PycharmProjects/MeshAP/venv/lib/Selenium_lib/SystemPage.robot' on line 73: Resource file with 'Test Case' section is invalid.</msg>
<msg timestamp="20231222 11:22:52.378" level="WARN">Keyword 'Capture Page Screenshot' could not be run on failure: Message: no such window: target window already closed
from unknown error: web view not found
  (Session info: chrome=120.0.6099.71)
Stacktrace:
#0 0x5645619a0ea3 &lt;unknown&gt;
#1 0x56456166c297 &lt;unknown&gt;
#2 0x5645616402d8 &lt;unknown&gt;
#3 0x5645616eb72f &lt;unknown&gt;
#4 0x564561702366 &lt;unknown&gt;
#5 0x5645616e3fe3 &lt;unknown&gt;
#6 0x5645616ac5a3 &lt;unknown&gt;
#7 0x5645616ad96e &lt;unknown&gt;
#8 0x56456196884d &lt;unknown&gt;
#9 0x56456196c774 &lt;unknown&gt;
#10 0x564561957cc2 &lt;unknown&gt;
#11 0x56456196d235 &lt;unknown&gt;
#12 0x56456193e4de &lt;unknown&gt;
#13 0x56456198f0d8 &lt;unknown&gt;
#14 0x56456198f2e1 &lt;unknown&gt;
#15 0x56456199ffe5 &lt;unknown&gt;
#16 0x7f82d8452ac3 &lt;unknown&gt;
</msg>
</errors>
</robot>
