<?xml version="1.0" encoding="UTF-8"?>
<robot generator="Robot 6.1.1 (Python 3.10.12 on linux)" generated="20231212 16:58:02.817" rpa="true" schemaversion="4">
<suite id="s1" name="ForLopp" source="/home/ubuntu/PycharmProjects/MeshAP/ForLopp.robot">
<test id="s1-t1" name="Execute a for loop only three times" line="9">
<for flavor="IN">
<var>${robot}</var>
<value>@{test}</value>
<iter>
<var name="${robot}">11</var>
<kw name="Log To Console" library="BuiltIn">
<arg>${robot}</arg>
<doc>Logs the given message to the console.</doc>
<status status="PASS" starttime="20231212 16:58:02.830" endtime="20231212 16:58:02.830"/>
</kw>
<status status="PASS" starttime="20231212 16:58:02.830" endtime="20231212 16:58:02.830"/>
</iter>
<iter>
<var name="${robot}">12</var>
<kw name="Log To Console" library="BuiltIn">
<arg>${robot}</arg>
<doc>Logs the given message to the console.</doc>
<status status="PASS" starttime="20231212 16:58:02.830" endtime="20231212 16:58:02.830"/>
</kw>
<status status="PASS" starttime="20231212 16:58:02.830" endtime="20231212 16:58:02.830"/>
</iter>
<iter>
<var name="${robot}">60</var>
<kw name="Log To Console" library="BuiltIn">
<arg>${robot}</arg>
<doc>Logs the given message to the console.</doc>
<status status="PASS" starttime="20231212 16:58:02.830" endtime="20231212 16:58:02.830"/>
</kw>
<status status="PASS" starttime="20231212 16:58:02.830" endtime="20231212 16:58:02.830"/>
</iter>
<status status="PASS" starttime="20231212 16:58:02.829" endtime="20231212 16:58:02.830"/>
</for>
<kw name="Replace String" library="STR">
<var>${a1}</var>
<arg>${a}</arg>
<arg>${a[9]}</arg>
<arg>${EMPTY}</arg>
<doc>Replaces ``search_for`` in the given ``string`` with ``replace_with``.</doc>
<msg timestamp="20231212 16:58:02.831" level="INFO">${a1} = PA-PSK/ PA2-PSK Mixed Mode</msg>
<status status="PASS" starttime="20231212 16:58:02.830" endtime="20231212 16:58:02.831"/>
</kw>
<kw name="Log To Console" library="BuiltIn">
<arg>${a1}</arg>
<doc>Logs the given message to the console.</doc>
<status status="PASS" starttime="20231212 16:58:02.831" endtime="20231212 16:58:02.831"/>
</kw>
<status status="PASS" starttime="20231212 16:58:02.829" endtime="20231212 16:58:02.831"/>
</test>
<status status="PASS" starttime="20231212 16:58:02.818" endtime="20231212 16:58:02.831"/>
</suite>
<statistics>
<total>
<stat pass="1" fail="0" skip="0">All Tasks</stat>
</total>
<tag>
</tag>
<suite>
<stat pass="1" fail="0" skip="0" id="s1" name="ForLopp">ForLopp</stat>
</suite>
</statistics>
<errors>
</errors>
</robot>
