<?xml version="1.0" encoding="UTF-8"?>
<robot generator="Robot 6.1.1 (Python 3.10.12 on linux)" generated="20231212 09:55:59.545" rpa="false" schemaversion="4">
<suite id="s1" name="TC OneMesh" source="/home/ubuntu/PycharmProjects/MeshAP/TC_OneMesh.robot">
<test id="s1-t1" name="1. Config" line="19">
<kw name="Login to ONE Mesh" library="OMesh">
<arg>${User_N}</arg>
<arg>${PW}</arg>
<kw name="Open Browser" library="SL">
<arg>http://mesh-staging.vnpt-technology.vn:9000/login?error=2</arg>
<arg>chrome</arg>
<doc>Opens a new browser instance to the optional ``url``.</doc>
<msg timestamp="20231212 09:55:59.658" level="INFO">Opening browser 'chrome' to base url 'http://mesh-staging.vnpt-technology.vn:9000/login?error=2'.</msg>
<status status="PASS" starttime="20231212 09:55:59.658" endtime="20231212 09:56:08.402"/>
</kw>
<kw name="Reload Page" library="SL">
<doc>Simulates user reloading page.</doc>
<status status="PASS" starttime="20231212 09:56:08.403" endtime="20231212 09:56:08.486"/>
</kw>
<kw name="Input User Name OM" library="OMesh">
<arg>${User_N}</arg>
<kw name="Wait Until Element Is Visible" library="SL">
<arg>//div[@class='form-group-login']//input[@type='text']</arg>
<doc>Waits until the element ``locator`` is visible.</doc>
<status status="PASS" starttime="20231212 09:56:08.487" endtime="20231212 09:56:08.532"/>
</kw>
<kw name="Input Text" library="SL">
<arg>//div[@class='form-group-login']//input[@type='text']</arg>
<arg>${User_N}</arg>
<doc>Types the given ``text`` into the text field identified by ``locator``.</doc>
<msg timestamp="20231212 09:56:08.533" level="INFO">Typing text 'one' into text field '//div[@class='form-group-login']//input[@type='text']'.</msg>
<status status="PASS" starttime="20231212 09:56:08.532" endtime="20231212 09:56:08.600"/>
</kw>
<status status="PASS" starttime="20231212 09:56:08.486" endtime="20231212 09:56:08.601"/>
</kw>
<kw name="Input Password OM" library="OMesh">
<arg>${PW}</arg>
<kw name="Wait Until Element Is Visible" library="SL">
<arg>//input[@type='password']</arg>
<doc>Waits until the element ``locator`` is visible.</doc>
<status status="PASS" starttime="20231212 09:56:08.602" endtime="20231212 09:56:08.635"/>
</kw>
<kw name="Input Text" library="SL">
<arg>//input[@type='password']</arg>
<arg>${PW}</arg>
<doc>Types the given ``text`` into the text field identified by ``locator``.</doc>
<msg timestamp="20231212 09:56:08.636" level="INFO">Typing text 'one@2019' into text field '//input[@type='password']'.</msg>
<status status="PASS" starttime="20231212 09:56:08.635" endtime="20231212 09:56:08.708"/>
</kw>
<status status="PASS" starttime="20231212 09:56:08.601" endtime="20231212 09:56:08.709"/>
</kw>
<kw name="Sleep" library="BuiltIn">
<arg>4</arg>
<doc>Pauses the test executed for the given time.</doc>
<msg timestamp="20231212 09:56:12.710" level="INFO">Slept 4 seconds</msg>
<status status="PASS" starttime="20231212 09:56:08.709" endtime="20231212 09:56:12.710"/>
</kw>
<kw name="Wait Until Element Is Visible" library="SL">
<arg>//button[@id='login-submit']</arg>
<doc>Waits until the element ``locator`` is visible.</doc>
<status status="PASS" starttime="20231212 09:56:12.710" endtime="20231212 09:56:12.737"/>
</kw>
<kw name="Click Element" library="SL">
<arg>//button[@id='login-submit']</arg>
<doc>Click the element identified by ``locator``.</doc>
<msg timestamp="20231212 09:56:12.738" level="INFO">Clicking element '//button[@id='login-submit']'.</msg>
<status status="PASS" starttime="20231212 09:56:12.737" endtime="20231212 09:56:17.875"/>
</kw>
<kw name="Sleep" library="BuiltIn">
<arg>4</arg>
<doc>Pauses the test executed for the given time.</doc>
<msg timestamp="20231212 09:56:21.876" level="INFO">Slept 4 seconds</msg>
<status status="PASS" starttime="20231212 09:56:17.875" endtime="20231212 09:56:21.876"/>
</kw>
<kw name="Page Should Contain" library="SL">
<arg>Welcome to the ONE MESH system</arg>
<doc>Verifies that current page contains ``text``.</doc>
<msg timestamp="20231212 09:56:21.894" level="INFO">Current page contains text 'Welcome to the ONE MESH system'.</msg>
<status status="PASS" starttime="20231212 09:56:21.876" endtime="20231212 09:56:21.894"/>
</kw>
<status status="PASS" starttime="20231212 09:55:59.658" endtime="20231212 09:56:21.894"/>
</kw>
<kw name="Access Device detail OM" library="OMesh">
<arg>${Serial}</arg>
<kw name="Click Element" library="SL">
<arg>//span[contains(text(),'Configuration')]</arg>
<doc>Click the element identified by ``locator``.</doc>
<msg timestamp="20231212 09:56:21.895" level="INFO">Clicking element '//span[contains(text(),'Configuration')]'.</msg>
<status status="PASS" starttime="20231212 09:56:21.895" endtime="20231212 09:56:23.455"/>
</kw>
<kw name="Wait Until Element Is Visible" library="SL">
<arg>//body[contains(@class,'pace-done')]/div[@class='page-container']/div[@class='page-content']/div[@class='content-wrapper']/div[@class='panel panel-flat']/div[@class='panel-body padding-panel-search']/form[@class='form-horizontal form-search row ng-pristine ng-valid ng-valid-maxlength']/div[@class='col-md-10']/div[2]/div[1]/div[1]/input[1]</arg>
<doc>Waits until the element ``locator`` is visible.</doc>
<status status="PASS" starttime="20231212 09:56:23.456" endtime="20231212 09:56:23.947"/>
</kw>
<kw name="Input Text" library="SL">
<arg>//input[@name= 'serialNumber']</arg>
<arg>${Serial}</arg>
<doc>Types the given ``text`` into the text field identified by ``locator``.</doc>
<msg timestamp="20231212 09:56:23.948" level="INFO">Typing text '52dc' into text field '//input[@name= 'serialNumber']'.</msg>
<status status="PASS" starttime="20231212 09:56:23.947" endtime="20231212 09:56:24.048"/>
</kw>
<kw name="Click Element" library="SL">
<arg>//button[contains(@type,'submit')]//i[contains(@class,'icon-search4')]</arg>
<doc>Click the element identified by ``locator``.</doc>
<msg timestamp="20231212 09:56:24.049" level="INFO">Clicking element '//button[contains(@type,'submit')]//i[contains(@class,'icon-search4')]'.</msg>
<status status="PASS" starttime="20231212 09:56:24.048" endtime="20231212 09:56:24.287"/>
</kw>
<kw name="Sleep" library="BuiltIn">
<arg>5</arg>
<doc>Pauses the test executed for the given time.</doc>
<msg timestamp="20231212 09:56:29.288" level="INFO">Slept 5 seconds</msg>
<status status="PASS" starttime="20231212 09:56:24.287" endtime="20231212 09:56:29.288"/>
</kw>
<kw name="Click Element" library="SL">
<arg>//span[contains(text(),'Online')]</arg>
<doc>Click the element identified by ``locator``.</doc>
<msg timestamp="20231212 09:56:29.289" level="INFO">Clicking element '//span[contains(text(),'Online')]'.</msg>
<status status="PASS" starttime="20231212 09:56:29.288" endtime="20231212 09:56:30.459"/>
</kw>
<kw name="Sleep" library="BuiltIn">
<arg>3</arg>
<doc>Pauses the test executed for the given time.</doc>
<msg timestamp="20231212 09:56:33.459" level="INFO">Slept 3 seconds</msg>
<status status="PASS" starttime="20231212 09:56:30.459" endtime="20231212 09:56:33.460"/>
</kw>
<kw name="Page Should Contain" library="SL">
<arg>Device Information</arg>
<doc>Verifies that current page contains ``text``.</doc>
<msg timestamp="20231212 09:56:33.488" level="INFO">Current page contains text 'Device Information'.</msg>
<status status="PASS" starttime="20231212 09:56:33.460" endtime="20231212 09:56:33.488"/>
</kw>
<kw name="Page Should Contain" library="SL">
<arg>${Serial}</arg>
<doc>Verifies that current page contains ``text``.</doc>
<msg timestamp="20231212 09:56:33.508" level="INFO">Current page contains text '52dc'.</msg>
<status status="PASS" starttime="20231212 09:56:33.489" endtime="20231212 09:56:33.508"/>
</kw>
<status status="PASS" starttime="20231212 09:56:21.894" endtime="20231212 09:56:33.508"/>
</kw>
<status status="PASS" starttime="20231212 09:55:59.657" endtime="20231212 09:56:33.508"/>
</test>
<status status="PASS" starttime="20231212 09:55:59.546" endtime="20231212 09:56:33.508"/>
</suite>
<statistics>
<total>
<stat pass="1" fail="0" skip="0">All Tests</stat>
</total>
<tag>
</tag>
<suite>
<stat pass="1" fail="0" skip="0" id="s1" name="TC OneMesh">TC OneMesh</stat>
</suite>
</statistics>
<errors>
</errors>
</robot>
